# JRE version: Java(TM) SE Runtime Environment (17.0.12+8) (build 17.0.12+8-LTS-286)
# Java VM: Java HotSpot(TM) 64-Bit Server VM (17.0.12+8-LTS-286, mixed mode, sharing, tiered, compressed oops, compressed class ptrs, g1 gc, windows-amd64)
GC Precious Log:
 CPUs: 8 total, 8 available
 Memory: 16235M
 Large Page Support: Disabled
 NUMA Support: Disabled
 Compressed Oops: Enabled (Zero based)
 Heap Region Size: 2M
 Heap Min Capacity: 8M
 Heap Initial Capacity: 254M
 Heap Max Capacity: 4060M
 Pre-touch: Disabled
 Parallel Workers: 8
 Concurrent Workers: 2
 Concurrent Refinement Workers: 8
 Periodic GC: Disabled
Heap:
 garbage-first heap   total 157696K, used 40083K [0x0000000702400000, 0x0000000800000000)
  region size 2048K, 11 young (22528K), 1 survivors (2048K)
 Metaspace       used 47190K, committed 47616K, reserved 1114112K
  class space    used 6143K, committed 6336K, reserved 1048576K
GC Heap History (20 events):
Event: 0.818 GC heap before
{Heap before GC invocations=0 (full 0):
 garbage-first heap   total 260096K, used 22528K [0x0000000702400000, 0x0000000800000000)
  region size 2048K, 11 young (22528K), 0 survivors (0K)
 Metaspace       used 5719K, committed 5952K, reserved 1114112K
  class space    used 669K, committed 768K, reserved 1048576K
}
Event: 0.823 GC heap after
{Heap after GC invocations=1 (full 0):
 garbage-first heap   total 260096K, used 4942K [0x0000000702400000, 0x0000000800000000)
  region size 2048K, 2 young (4096K), 2 survivors (4096K)
 Metaspace       used 5719K, committed 5952K, reserved 1114112K
  class space    used 669K, committed 768K, reserved 1048576K
}
Event: 1.355 GC heap before
{Heap before GC invocations=1 (full 0):
 garbage-first heap   total 260096K, used 31566K [0x0000000702400000, 0x0000000800000000)
  region size 2048K, 16 young (32768K), 2 survivors (4096K)
 Metaspace       used 12805K, committed 13056K, reserved 1114112K
  class space    used 1561K, committed 1664K, reserved 1048576K
}
Event: 1.362 GC heap after
{Heap after GC invocations=2 (full 0):
 garbage-first heap   total 260096K, used 7472K [0x0000000702400000, 0x0000000800000000)
  region size 2048K, 2 young (4096K), 2 survivors (4096K)
 Metaspace       used 12805K, committed 13056K, reserved 1114112K
  class space    used 1561K, committed 1664K, reserved 1048576K
}
Event: 2.861 GC heap before
{Heap before GC invocations=2 (full 0):
 garbage-first heap   total 260096K, used 60720K [0x0000000702400000, 0x0000000800000000)
  region size 2048K, 29 young (59392K), 2 survivors (4096K)
 Metaspace       used 21274K, committed 21504K, reserved 1114112K
  class space    used 2637K, committed 2752K, reserved 1048576K
}
Event: 2.868 GC heap after
{Heap after GC invocations=3 (full 0):
 garbage-first heap   total 260096K, used 11682K [0x0000000702400000, 0x0000000800000000)
  region size 2048K, 4 young (8192K), 4 survivors (8192K)
 Metaspace       used 21274K, committed 21504K, reserved 1114112K
  class space    used 2637K, committed 2752K, reserved 1048576K
}
Event: 3.777 GC heap before
{Heap before GC invocations=4 (full 0):
 garbage-first heap   total 55296K, used 36258K [0x0000000702400000, 0x0000000800000000)
  region size 2048K, 16 young (32768K), 4 survivors (8192K)
 Metaspace       used 26293K, committed 26688K, reserved 1114112K
  class space    used 3318K, committed 3520K, reserved 1048576K
}
Event: 3.786 GC heap after
{Heap after GC invocations=5 (full 0):
 garbage-first heap   total 55296K, used 14181K [0x0000000702400000, 0x0000000800000000)
  region size 2048K, 2 young (4096K), 2 survivors (4096K)
 Metaspace       used 26293K, committed 26688K, reserved 1114112K
  class space    used 3318K, committed 3520K, reserved 1048576K
}
Event: 3.856 GC heap before
{Heap before GC invocations=5 (full 0):
 garbage-first heap   total 55296K, used 16229K [0x0000000702400000, 0x0000000800000000)
  region size 2048K, 3 young (6144K), 2 survivors (4096K)
 Metaspace       used 26703K, committed 27136K, reserved 1114112K
  class space    used 3358K, committed 3584K, reserved 1048576K
}
Event: 3.860 GC heap after
{Heap after GC invocations=6 (full 0):
 garbage-first heap   total 55296K, used 14345K [0x0000000702400000, 0x0000000800000000)
  region size 2048K, 1 young (2048K), 1 survivors (2048K)
 Metaspace       used 26703K, committed 27136K, reserved 1114112K
  class space    used 3358K, committed 3584K, reserved 1048576K
}
Event: 4.590 GC heap before
{Heap before GC invocations=6 (full 0):
 garbage-first heap   total 55296K, used 36873K [0x0000000702400000, 0x0000000800000000)
  region size 2048K, 12 young (24576K), 1 survivors (2048K)
 Metaspace       used 32707K, committed 33216K, reserved 1114112K
  class space    used 4169K, committed 4416K, reserved 1048576K
}
Event: 4.595 GC heap after
{Heap after GC invocations=7 (full 0):
 garbage-first heap   total 55296K, used 15817K [0x0000000702400000, 0x0000000800000000)
  region size 2048K, 2 young (4096K), 2 survivors (4096K)
 Metaspace       used 32707K, committed 33216K, reserved 1114112K
  class space    used 4169K, committed 4416K, reserved 1048576K
}
Event: 4.854 GC heap before
{Heap before GC invocations=7 (full 0):
 garbage-first heap   total 55296K, used 26057K [0x0000000702400000, 0x0000000800000000)
  region size 2048K, 9 young (18432K), 2 survivors (4096K)
 Metaspace       used 35701K, committed 36160K, reserved 1114112K
  class space    used 4552K, committed 4800K, reserved 1048576K
}
Event: 4.858 GC heap after
{Heap after GC invocations=8 (full 0):
 garbage-first heap   total 55296K, used 17647K [0x0000000702400000, 0x0000000800000000)
  region size 2048K, 2 young (4096K), 2 survivors (4096K)
 Metaspace       used 35701K, committed 36160K, reserved 1114112K
  class space    used 4552K, committed 4800K, reserved 1048576K
}
Event: 5.368 GC heap before
{Heap before GC invocations=9 (full 0):
 garbage-first heap   total 55296K, used 38127K [0x0000000702400000, 0x0000000800000000)
  region size 2048K, 12 young (24576K), 2 survivors (4096K)
 Metaspace       used 40041K, committed 40512K, reserved 1114112K
  class space    used 5154K, committed 5376K, reserved 1048576K
}
Event: 5.375 GC heap after
{Heap after GC invocations=10 (full 0):
 garbage-first heap   total 55296K, used 19536K [0x0000000702400000, 0x0000000800000000)
  region size 2048K, 2 young (4096K), 2 survivors (4096K)
 Metaspace       used 40041K, committed 40512K, reserved 1114112K
  class space    used 5154K, committed 5376K, reserved 1048576K
}
Event: 5.974 GC heap before
{Heap before GC invocations=11 (full 0):
 garbage-first heap   total 55296K, used 40016K [0x0000000702400000, 0x0000000800000000)
  region size 2048K, 12 young (24576K), 2 survivors (4096K)
 Metaspace       used 43412K, committed 43904K, reserved 1114112K
  class space    used 5641K, committed 5824K, reserved 1048576K
}
Event: 5.979 GC heap after
{Heap after GC invocations=12 (full 0):
 garbage-first heap   total 55296K, used 21616K [0x0000000702400000, 0x0000000800000000)
  region size 2048K, 2 young (4096K), 2 survivors (4096K)
 Metaspace       used 43412K, committed 43904K, reserved 1114112K
  class space    used 5641K, committed 5824K, reserved 1048576K
}
Event: 6.054 GC heap before
{Heap before GC invocations=12 (full 0):
 garbage-first heap   total 55296K, used 23664K [0x0000000702400000, 0x0000000800000000)
  region size 2048K, 3 young (6144K), 2 survivors (4096K)
 Metaspace       used 43681K, committed 44224K, reserved 1114112K
  class space    used 5685K, committed 5952K, reserved 1048576K
}
Event: 6.060 GC heap after
{Heap after GC invocations=13 (full 0):
 garbage-first heap   total 157696K, used 21651K [0x0000000702400000, 0x0000000800000000)
  region size 2048K, 1 young (2048K), 1 survivors (2048K)
 Metaspace       used 43681K, committed 44224K, reserved 1114112K
  class space    used 5685K, committed 5952K, reserved 1048576K
}

